<?xml version="1.0" encoding="UTF-8"?>
<!-- Generated by org.testng.reporters.JUnitXMLReporter -->
<testsuite hostname="admins-MBP-3.hsd1.il.comcast.net" failures="0" tests="2" name="Surefire test" time="0.016" errors="0" timestamp="26 Aug 2023 17:00:42 GMT">
  <testcase classname="GradeTest" name="@BeforeMethod setUpMethod" time="0.0">
    <failure type="java.lang.UnsupportedOperationException" message="Not supported yet.">
      <![CDATA[java.lang.UnsupportedOperationException: Not supported yet.
	at com.mycompany.mygrade.Grade.<init>(Grade.java:18)
	at GradeTest.setUpMethod(GradeTest.java:40)
... Removed 31 stack frames]]>
    </failure>
  </testcase> <!-- @BeforeMethod setUpMethod -->
  <testcase classname="GradeTest" name="@AfterMethod tearDownMethod" time="0.0">
    <skipped/>
  </testcase> <!-- @AfterMethod tearDownMethod -->
  <testcase classname="GradeTest" name="@BeforeMethod setUpMethod" time="0.0">
    <skipped/>
  </testcase> <!-- @BeforeMethod setUpMethod -->
  <testcase classname="GradeTest" name="@AfterMethod tearDownMethod" time="0.0">
    <skipped/>
  </testcase> <!-- @AfterMethod tearDownMethod -->
  <testcase classname="GradeTest" name="@AfterClass tearDownClass" time="0.0">
    <skipped/>
  </testcase> <!-- @AfterClass tearDownClass -->
  <testcase classname="GradeTest" name="testGrade" time="0.001">
    <skipped/>
  </testcase> <!-- testGrade -->
  <testcase classname="GradeTest" name="testGradeFail" time="0.0">
    <skipped/>
  </testcase> <!-- testGradeFail -->
</testsuite> <!-- Surefire test -->
